{"/Users/achint/Documents/crudTask/aws-serverless-typescript-api/src/functions/user/handler.ts": {"path":"/Users/achint/Documents/crudTask/aws-serverless-typescript-api/src/functions/user/handler.ts","statementMap":{"0":{"start":{"line":2,"column":0},"end":{"line":2,"column":60}},"1":{"start":{"line":4,"column":0},"end":{"line":4,"column":26}},"2":{"start":{"line":5,"column":0},"end":{"line":5,"column":46}},"3":{"start":{"line":8,"column":27},"end":{"line":22,"column":1}},"4":{"start":{"line":10,"column":4},"end":{"line":21,"column":null}},"5":{"start":{"line":11,"column":22},"end":{"line":11,"column":53}},"6":{"start":{"line":12,"column":8},"end":{"line":15,"column":null}},"7":{"start":{"line":17,"column":8},"end":{"line":20,"column":11}},"8":{"start":{"line":8,"column":13},"end":{"line":8,"column":27}},"9":{"start":{"line":23,"column":26},"end":{"line":59,"column":1}},"10":{"start":{"line":24,"column":4},"end":{"line":58,"column":null}},"11":{"start":{"line":25,"column":19},"end":{"line":25,"column":23}},"12":{"start":{"line":26,"column":19},"end":{"line":26,"column":41}},"13":{"start":{"line":27,"column":21},"end":{"line":46,"column":10}},"14":{"start":{"line":48,"column":8},"end":{"line":52,"column":10}},"15":{"start":{"line":54,"column":8},"end":{"line":57,"column":11}},"16":{"start":{"line":23,"column":13},"end":{"line":23,"column":26}},"17":{"start":{"line":60,"column":35},"end":{"line":97,"column":1}},"18":{"start":{"line":61,"column":4},"end":{"line":95,"column":null}},"19":{"start":{"line":62,"column":19},"end":{"line":62,"column":41}},"20":{"start":{"line":63,"column":20},"end":{"line":85,"column":10}},"21":{"start":{"line":64,"column":12},"end":{"line":83,"column":null}},"22":{"start":{"line":86,"column":25},"end":{"line":86,"column":69}},"23":{"start":{"line":87,"column":8},"end":{"line":89,"column":11}},"24":{"start":{"line":91,"column":8},"end":{"line":94,"column":11}},"25":{"start":{"line":60,"column":13},"end":{"line":60,"column":35}},"26":{"start":{"line":98,"column":21},"end":{"line":112,"column":1}},"27":{"start":{"line":99,"column":15},"end":{"line":99,"column":38}},"28":{"start":{"line":100,"column":4},"end":{"line":111,"column":null}},"29":{"start":{"line":101,"column":21},"end":{"line":101,"column":50}},"30":{"start":{"line":102,"column":8},"end":{"line":102,"column":28}},"31":{"start":{"line":103,"column":8},"end":{"line":105,"column":11}},"32":{"start":{"line":107,"column":8},"end":{"line":110,"column":11}},"33":{"start":{"line":98,"column":13},"end":{"line":98,"column":21}},"34":{"start":{"line":113,"column":30},"end":{"line":129,"column":1}},"35":{"start":{"line":115,"column":4},"end":{"line":127,"column":null}},"36":{"start":{"line":116,"column":20},"end":{"line":116,"column":61}},"37":{"start":{"line":118,"column":22},"end":{"line":118,"column":58}},"38":{"start":{"line":119,"column":8},"end":{"line":121,"column":11}},"39":{"start":{"line":123,"column":8},"end":{"line":126,"column":11}},"40":{"start":{"line":113,"column":13},"end":{"line":113,"column":30}},"41":{"start":{"line":130,"column":26},"end":{"line":146,"column":3}},"42":{"start":{"line":131,"column":15},"end":{"line":131,"column":38}},"43":{"start":{"line":132,"column":16},"end":{"line":132,"column":39}},"44":{"start":{"line":134,"column":4},"end":{"line":145,"column":null}},"45":{"start":{"line":135,"column":26},"end":{"line":135,"column":64}},"46":{"start":{"line":136,"column":6},"end":{"line":139,"column":9}},"47":{"start":{"line":141,"column":6},"end":{"line":144,"column":9}},"48":{"start":{"line":130,"column":13},"end":{"line":130,"column":26}},"49":{"start":{"line":148,"column":27},"end":{"line":161,"column":1}},"50":{"start":{"line":149,"column":15},"end":{"line":149,"column":38}},"51":{"start":{"line":150,"column":4},"end":{"line":160,"column":null}},"52":{"start":{"line":151,"column":21},"end":{"line":151,"column":53}},"53":{"start":{"line":152,"column":8},"end":{"line":154,"column":11}},"54":{"start":{"line":156,"column":8},"end":{"line":159,"column":11}},"55":{"start":{"line":148,"column":13},"end":{"line":148,"column":27}},"56":{"start":{"line":162,"column":35},"end":{"line":176,"column":1}},"57":{"start":{"line":163,"column":4},"end":{"line":174,"column":null}},"58":{"start":{"line":164,"column":20},"end":{"line":164,"column":61}},"59":{"start":{"line":165,"column":22},"end":{"line":165,"column":64}},"60":{"start":{"line":166,"column":8},"end":{"line":168,"column":11}},"61":{"start":{"line":170,"column":8},"end":{"line":173,"column":11}},"62":{"start":{"line":162,"column":13},"end":{"line":162,"column":35}}},"fnMap":{"0":{"name":"(anonymous_0)","decl":{"start":{"line":8,"column":27},"end":{"line":8,"column":32}},"loc":{"start":{"line":8,"column":70},"end":{"line":22,"column":1}}},"1":{"name":"(anonymous_1)","decl":{"start":{"line":23,"column":26},"end":{"line":23,"column":31}},"loc":{"start":{"line":23,"column":95},"end":{"line":59,"column":1}}},"2":{"name":"(anonymous_2)","decl":{"start":{"line":60,"column":35},"end":{"line":60,"column":40}},"loc":{"start":{"line":60,"column":104},"end":{"line":97,"column":1}}},"3":{"name":"(anonymous_3)","decl":{"start":{"line":63,"column":29},"end":{"line":63,"column":30}},"loc":{"start":{"line":63,"column":37},"end":{"line":85,"column":9}}},"4":{"name":"(anonymous_4)","decl":{"start":{"line":98,"column":21},"end":{"line":98,"column":26}},"loc":{"start":{"line":98,"column":74},"end":{"line":112,"column":1}}},"5":{"name":"(anonymous_5)","decl":{"start":{"line":113,"column":30},"end":{"line":113,"column":35}},"loc":{"start":{"line":113,"column":100},"end":{"line":129,"column":1}}},"6":{"name":"(anonymous_6)","decl":{"start":{"line":130,"column":26},"end":{"line":130,"column":31}},"loc":{"start":{"line":130,"column":96},"end":{"line":146,"column":3}}},"7":{"name":"(anonymous_7)","decl":{"start":{"line":148,"column":27},"end":{"line":148,"column":32}},"loc":{"start":{"line":148,"column":97},"end":{"line":161,"column":1}}},"8":{"name":"(anonymous_8)","decl":{"start":{"line":162,"column":35},"end":{"line":162,"column":40}},"loc":{"start":{"line":162,"column":105},"end":{"line":176,"column":1}}}},"branchMap":{},"s":{"0":1,"1":1,"2":1,"3":1,"4":2,"5":2,"6":1,"7":1,"8":1,"9":1,"10":2,"11":2,"12":2,"13":2,"14":1,"15":1,"16":1,"17":1,"18":2,"19":2,"20":2,"21":6,"22":2,"23":1,"24":1,"25":1,"26":1,"27":2,"28":2,"29":2,"30":1,"31":1,"32":1,"33":1,"34":1,"35":2,"36":2,"37":2,"38":1,"39":1,"40":1,"41":1,"42":2,"43":2,"44":2,"45":2,"46":1,"47":1,"48":1,"49":1,"50":2,"51":2,"52":2,"53":1,"54":1,"55":1,"56":1,"57":2,"58":2,"59":2,"60":1,"61":1,"62":1},"f":{"0":2,"1":2,"2":2,"3":6,"4":2,"5":2,"6":2,"7":2,"8":2},"b":{}}
,"/Users/achint/Documents/crudTask/aws-serverless-typescript-api/src/libs/api-gateway.ts": {"path":"/Users/achint/Documents/crudTask/aws-serverless-typescript-api/src/libs/api-gateway.ts","statementMap":{"0":{"start":{"line":7,"column":34},"end":{"line":12,"column":1}},"1":{"start":{"line":8,"column":2},"end":{"line":11,"column":null}},"2":{"start":{"line":7,"column":13},"end":{"line":7,"column":34}}},"fnMap":{"0":{"name":"(anonymous_0)","decl":{"start":{"line":7,"column":34},"end":{"line":7,"column":35}},"loc":{"start":{"line":7,"column":72},"end":{"line":12,"column":1}}}},"branchMap":{},"s":{"0":1,"1":16,"2":1},"f":{"0":16},"b":{}}
,"/Users/achint/Documents/crudTask/aws-serverless-typescript-api/src/model/index.ts": {"path":"/Users/achint/Documents/crudTask/aws-serverless-typescript-api/src/model/index.ts","statementMap":{"0":{"start":{"line":1,"column":0},"end":{"line":1,"column":31}},"1":{"start":{"line":4,"column":23},"end":{"line":12,"column":1}},"2":{"start":{"line":5,"column":2},"end":{"line":10,"column":null}},"3":{"start":{"line":6,"column":4},"end":{"line":9,"column":7}},"4":{"start":{"line":11,"column":2},"end":{"line":11,"column":43}},"5":{"start":{"line":12,"column":2},"end":{"line":12,"column":32}}},"fnMap":{"0":{"name":"(anonymous_0)","decl":{"start":{"line":4,"column":23},"end":{"line":4,"column":42}},"loc":{"start":{"line":4,"column":44},"end":{"line":12,"column":1}}}},"branchMap":{"0":{"loc":{"start":{"line":5,"column":2},"end":{"line":10,"column":null}},"type":"if","locations":[{"start":{"line":5,"column":2},"end":{"line":10,"column":null}}]}},"s":{"0":1,"1":1,"2":1,"3":0,"4":1,"5":1},"f":{"0":1},"b":{"0":[0]}}
,"/Users/achint/Documents/crudTask/aws-serverless-typescript-api/src/services/index.ts": {"path":"/Users/achint/Documents/crudTask/aws-serverless-typescript-api/src/services/index.ts","statementMap":{"0":{"start":{"line":1,"column":0},"end":{"line":1,"column":44}},"1":{"start":{"line":2,"column":0},"end":{"line":2,"column":36}},"2":{"start":{"line":3,"column":20},"end":{"line":3,"column":53}},"3":{"start":{"line":4,"column":0},"end":{"line":4,"column":27}}},"fnMap":{},"branchMap":{},"s":{"0":1,"1":1,"2":1,"3":1},"f":{},"b":{}}
,"/Users/achint/Documents/crudTask/aws-serverless-typescript-api/src/services/service.ts": {"path":"/Users/achint/Documents/crudTask/aws-serverless-typescript-api/src/services/service.ts","statementMap":{"0":{"start":{"line":7,"column":22},"end":{"line":7,"column":47}},"1":{"start":{"line":5,"column":10},"end":{"line":5,"column":43}},"2":{"start":{"line":9,"column":18},"end":{"line":13,"column":16}},"3":{"start":{"line":14,"column":4},"end":{"line":14,"column":33}},"4":{"start":{"line":17,"column":4},"end":{"line":22,"column":17}},"5":{"start":{"line":23,"column":4},"end":{"line":23,"column":24}},"6":{"start":{"line":26,"column":24},"end":{"line":30,"column":7}},"7":{"start":{"line":26,"column":43},"end":{"line":30,"column":6}},"8":{"start":{"line":31,"column":4},"end":{"line":35,"column":null}},"9":{"start":{"line":36,"column":4},"end":{"line":36,"column":27}},"10":{"start":{"line":40,"column":4},"end":{"line":40,"column":24}},"11":{"start":{"line":41,"column":4},"end":{"line":53,"column":null}},"12":{"start":{"line":42,"column":17},"end":{"line":49,"column":16}},"13":{"start":{"line":50,"column":4},"end":{"line":50,"column":29}},"14":{"start":{"line":52,"column":4},"end":{"line":52,"column":31}},"15":{"start":{"line":56,"column":3},"end":{"line":69,"column":null}},"16":{"start":{"line":56,"column":22},"end":{"line":64,"column":16}},"17":{"start":{"line":60,"column":33},"end":{"line":60,"column":43}},"18":{"start":{"line":65,"column":4},"end":{"line":65,"column":48}},"19":{"start":{"line":67,"column":6},"end":{"line":67,"column":33}},"20":{"start":{"line":73,"column":34},"end":{"line":73,"column":36}},"21":{"start":{"line":74,"column":38},"end":{"line":74,"column":40}},"22":{"start":{"line":76,"column":4},"end":{"line":80,"column":7}},"23":{"start":{"line":77,"column":26},"end":{"line":77,"column":42}},"24":{"start":{"line":78,"column":6},"end":{"line":78,"column":67}},"25":{"start":{"line":79,"column":6},"end":{"line":79,"column":63}},"26":{"start":{"line":82,"column":29},"end":{"line":82,"column":70}},"27":{"start":{"line":84,"column":37},"end":{"line":87,"column":10}},"28":{"start":{"line":85,"column":6},"end":{"line":85,"column":50}},"29":{"start":{"line":86,"column":6},"end":{"line":86,"column":28}},"30":{"start":{"line":89,"column":64},"end":{"line":96,"column":6}},"31":{"start":{"line":98,"column":4},"end":{"line":104,"column":null}},"32":{"start":{"line":99,"column":22},"end":{"line":99,"column":67}},"33":{"start":{"line":100,"column":6},"end":{"line":100,"column":40}},"34":{"start":{"line":102,"column":6},"end":{"line":102,"column":51}},"35":{"start":{"line":103,"column":6},"end":{"line":103,"column":47}},"36":{"start":{"line":108,"column":4},"end":{"line":115,"column":17}},"37":{"start":{"line":118,"column":27},"end":{"line":124,"column":7}},"38":{"start":{"line":118,"column":42},"end":{"line":124,"column":6}},"39":{"start":{"line":125,"column":3},"end":{"line":129,"column":17}},"40":{"start":{"line":4,"column":0},"end":{"line":4,"column":21}}},"fnMap":{"0":{"name":"(anonymous_0)","decl":{"start":{"line":7,"column":2},"end":{"line":7,"column":22}},"loc":{"start":{"line":7,"column":47},"end":{"line":7,"column":51}}},"1":{"name":"(anonymous_1)","decl":{"start":{"line":8,"column":2},"end":{"line":8,"column":7}},"loc":{"start":{"line":8,"column":19},"end":{"line":15,"column":3}}},"2":{"name":"(anonymous_2)","decl":{"start":{"line":16,"column":2},"end":{"line":16,"column":7}},"loc":{"start":{"line":16,"column":29},"end":{"line":24,"column":3}}},"3":{"name":"(anonymous_3)","decl":{"start":{"line":25,"column":2},"end":{"line":25,"column":7}},"loc":{"start":{"line":25,"column":41},"end":{"line":37,"column":3}}},"4":{"name":"(anonymous_4)","decl":{"start":{"line":26,"column":34},"end":{"line":26,"column":38}},"loc":{"start":{"line":26,"column":43},"end":{"line":30,"column":6}}},"5":{"name":"(anonymous_5)","decl":{"start":{"line":39,"column":2},"end":{"line":39,"column":7}},"loc":{"start":{"line":39,"column":26},"end":{"line":54,"column":3}}},"6":{"name":"(anonymous_6)","decl":{"start":{"line":55,"column":2},"end":{"line":55,"column":7}},"loc":{"start":{"line":55,"column":35},"end":{"line":71,"column":3}}},"7":{"name":"(anonymous_7)","decl":{"start":{"line":60,"column":26},"end":{"line":60,"column":28}},"loc":{"start":{"line":60,"column":33},"end":{"line":60,"column":43}}},"8":{"name":"(anonymous_8)","decl":{"start":{"line":72,"column":2},"end":{"line":72,"column":7}},"loc":{"start":{"line":72,"column":49},"end":{"line":105,"column":3}}},"9":{"name":"(anonymous_9)","decl":{"start":{"line":76,"column":30},"end":{"line":76,"column":31}},"loc":{"start":{"line":76,"column":51},"end":{"line":80,"column":5}}},"10":{"name":"(anonymous_10)","decl":{"start":{"line":84,"column":62},"end":{"line":84,"column":63}},"loc":{"start":{"line":84,"column":92},"end":{"line":87,"column":5}}},"11":{"name":"(anonymous_11)","decl":{"start":{"line":107,"column":2},"end":{"line":107,"column":7}},"loc":{"start":{"line":107,"column":29},"end":{"line":116,"column":3}}},"12":{"name":"(anonymous_12)","decl":{"start":{"line":117,"column":2},"end":{"line":117,"column":7}},"loc":{"start":{"line":117,"column":41},"end":{"line":130,"column":3}}},"13":{"name":"(anonymous_13)","decl":{"start":{"line":118,"column":35},"end":{"line":118,"column":37}},"loc":{"start":{"line":118,"column":42},"end":{"line":124,"column":6}}}},"branchMap":{},"s":{"0":1,"1":1,"2":0,"3":0,"4":0,"5":0,"6":0,"7":0,"8":0,"9":0,"10":0,"11":0,"12":0,"13":0,"14":0,"15":0,"16":0,"17":0,"18":0,"19":0,"20":0,"21":0,"22":0,"23":0,"24":0,"25":0,"26":0,"27":0,"28":0,"29":0,"30":0,"31":0,"32":0,"33":0,"34":0,"35":0,"36":0,"37":0,"38":0,"39":0,"40":1},"f":{"0":1,"1":0,"2":0,"3":0,"4":0,"5":0,"6":0,"7":0,"8":0,"9":0,"10":0,"11":0,"12":0,"13":0},"b":{}}
,"/Users/achint/Documents/crudTask/aws-serverless-typescript-api/test/mockFunctionAndType.ts": {"path":"/Users/achint/Documents/crudTask/aws-serverless-typescript-api/test/mockFunctionAndType.ts","statementMap":{"0":{"start":{"line":1,"column":13},"end":{"line":19,"column":null}}},"fnMap":{},"branchMap":{},"s":{"0":1},"f":{},"b":{}}
}
