TN:
SF:src/functions/user/handler.ts
FN:8,(anonymous_0)
FN:23,(anonymous_1)
FN:60,(anonymous_2)
FN:63,(anonymous_3)
FN:98,(anonymous_4)
FN:113,(anonymous_5)
FN:130,(anonymous_6)
FN:148,(anonymous_7)
FN:162,(anonymous_8)
FNF:9
FNH:9
FNDA:2,(anonymous_0)
FNDA:2,(anonymous_1)
FNDA:2,(anonymous_2)
FNDA:6,(anonymous_3)
FNDA:2,(anonymous_4)
FNDA:2,(anonymous_5)
FNDA:2,(anonymous_6)
FNDA:2,(anonymous_7)
FNDA:2,(anonymous_8)
DA:2,1
DA:4,1
DA:5,1
DA:8,1
DA:10,2
DA:11,2
DA:12,1
DA:17,1
DA:23,1
DA:24,2
DA:25,2
DA:26,2
DA:27,2
DA:48,1
DA:54,1
DA:60,1
DA:61,2
DA:62,2
DA:63,2
DA:64,6
DA:86,2
DA:87,1
DA:91,1
DA:98,1
DA:99,2
DA:100,2
DA:101,2
DA:102,1
DA:103,1
DA:107,1
DA:113,1
DA:115,2
DA:116,2
DA:118,2
DA:119,1
DA:123,1
DA:130,1
DA:131,2
DA:132,2
DA:134,2
DA:135,2
DA:136,1
DA:141,1
DA:148,1
DA:149,2
DA:150,2
DA:151,2
DA:152,1
DA:156,1
DA:162,1
DA:163,2
DA:164,2
DA:165,2
DA:166,1
DA:170,1
LF:55
LH:55
BRF:0
BRH:0
end_of_record
TN:
SF:src/libs/api-gateway.ts
FN:7,(anonymous_0)
FNF:1
FNH:1
FNDA:16,(anonymous_0)
DA:7,1
DA:8,16
LF:2
LH:2
BRF:0
BRH:0
end_of_record
TN:
SF:src/model/index.ts
FN:4,(anonymous_0)
FNF:1
FNH:1
FNDA:1,(anonymous_0)
DA:1,1
DA:4,1
DA:5,1
DA:6,0
DA:11,1
DA:12,1
LF:6
LH:5
BRDA:5,0,0,0
BRF:1
BRH:0
end_of_record
TN:
SF:src/services/index.ts
FNF:0
FNH:0
DA:1,1
DA:2,1
DA:3,1
DA:4,1
LF:4
LH:4
BRF:0
BRH:0
end_of_record
TN:
SF:src/services/service.ts
FN:7,(anonymous_0)
FN:8,(anonymous_1)
FN:16,(anonymous_2)
FN:25,(anonymous_3)
FN:26,(anonymous_4)
FN:39,(anonymous_5)
FN:55,(anonymous_6)
FN:60,(anonymous_7)
FN:72,(anonymous_8)
FN:76,(anonymous_9)
FN:84,(anonymous_10)
FN:107,(anonymous_11)
FN:117,(anonymous_12)
FN:118,(anonymous_13)
FNF:14
FNH:1
FNDA:1,(anonymous_0)
FNDA:0,(anonymous_1)
FNDA:0,(anonymous_2)
FNDA:0,(anonymous_3)
FNDA:0,(anonymous_4)
FNDA:0,(anonymous_5)
FNDA:0,(anonymous_6)
FNDA:0,(anonymous_7)
FNDA:0,(anonymous_8)
FNDA:0,(anonymous_9)
FNDA:0,(anonymous_10)
FNDA:0,(anonymous_11)
FNDA:0,(anonymous_12)
FNDA:0,(anonymous_13)
DA:4,1
DA:5,1
DA:7,1
DA:9,0
DA:14,0
DA:17,0
DA:23,0
DA:26,0
DA:31,0
DA:36,0
DA:40,0
DA:41,0
DA:42,0
DA:50,0
DA:52,0
DA:56,0
DA:60,0
DA:65,0
DA:67,0
DA:73,0
DA:74,0
DA:76,0
DA:77,0
DA:78,0
DA:79,0
DA:82,0
DA:84,0
DA:85,0
DA:86,0
DA:89,0
DA:98,0
DA:99,0
DA:100,0
DA:102,0
DA:103,0
DA:108,0
DA:118,0
DA:125,0
LF:38
LH:3
BRF:0
BRH:0
end_of_record
TN:
SF:test/mockFunctionAndType.ts
FNF:0
FNH:0
DA:1,1
LF:1
LH:1
BRF:0
BRH:0
end_of_record
